SF:lib/app.dart
DA:8,1
DA:10,1
DA:12,1
DA:14,1
LF:4
LH:4
end_of_record
SF:lib/features/tasks/domain/task.dart
DA:19,1
DA:29,1
DA:30,1
DA:31,1
DA:32,2
DA:36,0
DA:44,0
DA:45,0
DA:46,0
DA:47,0
DA:48,0
DA:49,0
DA:50,0
DA:54,0
DA:56,0
DA:58,0
DA:59,0
DA:61,0
DA:63,0
DA:68,1
DA:69,1
DA:70,1
DA:71,1
DA:75,1
DA:78,1
DA:82,1
DA:85,1
DA:89,1
DA:92,1
DA:96,1
DA:100,1
DA:104,1
DA:108,1
DA:112,1
DA:115,1
DA:119,1
DA:122,1
DA:126,1
DA:129,1
DA:133,1
DA:136,1
DA:140,1
DA:144,1
DA:148,1
DA:151,1
DA:155,1
DA:158,1
DA:162,1
DA:165,1
DA:169,1
DA:172,1
DA:176,1
DA:180,1
DA:184,1
DA:187,1
DA:191,1
DA:194,1
DA:198,1
DA:201,1
DA:205,1
DA:208,1
DA:212,1
LF:62
LH:48
end_of_record
SF:lib/features/tasks/domain/task_filter.dart
DA:9,1
DA:13,1
DA:14,1
DA:19,0
DA:25,1
DA:26,1
DA:27,2
DA:32,0
LF:8
LH:6
end_of_record
SF:lib/core/constants/app_strings.dart
DA:3,0
LF:1
LH:0
end_of_record
SF:lib/core/theme/app_theme.dart
DA:7,0
DA:9,1
DA:10,1
DA:11,1
DA:14,1
DA:16,1
DA:17,1
LF:7
LH:6
end_of_record
SF:lib/features/tasks/presentation/screens/task_list_screen.dart
DA:12,1
DA:14,1
DA:15,1
DA:27,1
DA:29,1
DA:30,2
DA:31,2
DA:34,1
DA:36,2
DA:37,1
DA:40,1
DA:42,1
DA:44,0
DA:46,0
DA:48,0
DA:53,1
DA:55,1
DA:57,1
DA:59,1
DA:61,1
DA:66,1
DA:68,1
DA:70,1
DA:72,1
DA:74,1
DA:79,1
DA:82,5
DA:83,3
DA:87,1
DA:89,1
DA:90,1
DA:91,1
DA:92,1
DA:93,1
DA:94,1
DA:96,1
DA:97,1
DA:98,1
DA:102,2
DA:104,0
DA:106,0
DA:107,0
DA:108,0
DA:112,0
DA:115,1
DA:117,1
DA:121,3
DA:122,1
DA:126,2
DA:132,1
DA:133,2
DA:134,1
DA:135,1
DA:137,1
DA:138,2
DA:140,1
DA:142,0
DA:147,1
DA:148,1
DA:149,0
DA:151,1
DA:153,1
DA:154,1
DA:155,3
DA:159,0
DA:161,0
DA:162,0
DA:163,0
DA:164,0
DA:166,0
DA:171,0
DA:172,0
DA:174,0
DA:177,0
DA:185,1
DA:189,1
DA:191,1
DA:192,1
DA:193,1
DA:194,2
DA:195,2
DA:199,1
DA:200,2
DA:201,2
DA:205,3
DA:206,1
DA:208,1
DA:209,3
DA:210,3
DA:219,1
DA:222,1
DA:224,1
DA:225,1
DA:226,1
DA:227,1
DA:229,1
DA:232,1
DA:233,4
DA:239,1
DA:242,1
DA:244,1
DA:245,1
DA:246,1
DA:247,1
DA:249,1
DA:252,1
DA:253,4
LF:107
LH:87
end_of_record
SF:lib/core/constants/app_colors.dart
DA:6,0
LF:1
LH:0
end_of_record
